2025-05-19 12:39:27.319  INFO      Logging configured. Root level: INFO. Console: True, File: True ('logs/automation_activity.log' if log_to_file else 'N/A').
2025-05-19 12:39:28.304  INFO      Phidget channel initialization complete.
2025-05-19 12:39:28.707  INFO      Camera Controller initialized successfully with camera ID: 0.
2025-05-19 12:39:29.143  INFO      --- Starting Simplified Automation Sequence ---
2025-05-19 12:39:29.145  DEBUG     Awaiting first state of pattern (timeout: 6s), steps: 10.
2025-05-19 12:39:29.145  DEBUG     Awaiting LED state (1) ( ) ( ), timeout 6s
2025-05-19 12:39:29.463  DEBUG     Attempting to match LED pattern...
2025-05-19 12:39:31.768  INFO      (1) ( ) ( )  2.28s (01/10)
2025-05-19 12:39:33.706  INFO      ( ) (2) ( )  1.89s (02/10)
2025-05-19 12:39:34.424  INFO      ( ) ( ) (3)  0.69s (03/10)
2025-05-19 12:39:34.906  INFO      ( ) ( ) ( )  0.44s (04/10)
2025-05-19 12:39:35.161  INFO      ( ) (2) ( )  0.23s (05/10)
2025-05-19 12:39:35.369  INFO      ( ) ( ) ( )  0.18s (06/10)
2025-05-19 12:39:35.706  INFO      ( ) (2) ( )  0.29s (07/10)
2025-05-19 12:39:35.897  INFO      ( ) ( ) ( )  0.16s (08/10)
2025-05-19 12:39:36.234  INFO      ( ) (2) ( )  0.31s (09/10)
2025-05-19 12:39:36.427  INFO      ( ) ( ) ( )  0.16s (10/10)
2025-05-19 12:39:36.427  INFO      LED pattern confirmed
2025-05-19 12:39:36.429  DEBUG     Waiting for LED solid (1) ( ) ( ), minimum 3s, timeout 5s
2025-05-19 12:39:39.834  INFO      LED solid confirmed: (1) ( ) ( ) for 3.04s
2025-05-19 12:39:44.561  DEBUG     Waiting for LED solid ( ) (2) ( ), minimum 5s, timeout 15s
2025-05-19 12:39:47.770  INFO      ( ) (2) ( ) (2.98s)
2025-05-19 12:39:48.107  INFO      ( ) ( ) ( ) (0.32s)
2025-05-19 12:39:48.299  INFO      ( ) (2) ( ) (0.21s)
2025-05-19 12:39:48.632  INFO      ( ) ( ) ( ) (0.34s)
2025-05-19 12:39:48.827  INFO      ( ) (2) ( ) (0.19s)
2025-05-19 12:39:49.162  INFO      ( ) ( ) ( ) (0.34s)
2025-05-19 12:39:49.371  INFO      ( ) (2) ( ) (0.21s)
2025-05-19 12:39:49.433  INFO      ( ) ( ) ( ) (0.07s)
2025-05-19 12:39:54.506  INFO      LED solid confirmed: ( ) (2) ( ) for 5.05s
2025-05-19 12:39:57.042  DEBUG     Waiting for LED solid (1) ( ) ( ), minimum 3s, timeout 10s
2025-05-19 12:40:00.362  INFO      LED solid confirmed: (1) ( ) ( ) for 3.03s
2025-05-19 12:40:00.364  DEBUG     Waiting for LED solid ( ) ( ) ( ), minimum 3s, timeout 5s
2025-05-19 12:40:03.770  INFO      LED solid confirmed: ( ) ( ) ( ) for 3.04s
2025-05-19 12:40:03.771  INFO      Automation sequence reported SUCCESS.
2025-05-19 12:40:03.772  INFO      --- Simplified Automation Script Finished ---
2025-05-19 12:40:04.109  INFO      Camera ID 0 released.
2025-05-19 12:40:04.112  INFO      Phidgets close complete. Closed: 17, Errors: 0.
2025-05-19 13:38:44.575  INFO      Logging configured. Root level: INFO. Console: True, File: True ('logs/automation_activity.log' if log_to_file else 'N/A').
2025-05-19 13:38:44.756  INFO      Phidget channel initialization complete.
2025-05-19 13:38:45.162  INFO      Camera Controller initialized successfully with camera ID: 0.
2025-05-19 13:38:45.343  INFO      --- Starting Simplified Automation Sequence ---
2025-05-19 13:38:45.345  DEBUG     Awaiting first state of pattern (timeout: 6s), steps: 10.
2025-05-19 13:38:45.345  INFO      Awaiting LED state (1) ( ) ( ), timeout 6s
2025-05-19 13:38:45.617  INFO      (1) ( ) ( )
2025-05-19 13:38:45.681  INFO      (1) ( ) ( ) (0s when target observed)
2025-05-19 13:38:45.682  DEBUG     Attempting to match LED pattern...
2025-05-19 13:38:48.017  INFO      (1) ( ) ( )  2.31s (01/10)
2025-05-19 13:38:49.953  INFO      ( ) (2) ( )  1.90s (02/10)
2025-05-19 13:38:50.625  INFO      ( ) ( ) (3)  0.62s (03/10)
2025-05-19 13:38:51.089  INFO      ( ) ( ) ( )  0.43s (04/10)
2025-05-19 13:38:51.346  INFO      ( ) (2) ( )  0.22s (05/10)
2025-05-19 13:38:51.617  INFO      ( ) ( ) ( )  0.24s (06/10)
2025-05-19 13:38:51.889  INFO      ( ) (2) ( )  0.24s (07/10)
2025-05-19 13:38:52.145  INFO      ( ) ( ) ( )  0.23s (08/10)
2025-05-19 13:38:52.415  INFO      ( ) (2) ( )  0.24s (09/10)
2025-05-19 13:38:52.624  INFO      ( ) ( ) ( )  0.16s (10/10)
2025-05-19 13:38:52.624  INFO      LED pattern confirmed
2025-05-19 13:38:52.625  INFO      Waiting for LED solid (1) ( ) ( ), minimum 3s, timeout 5s
2025-05-19 13:38:53.026  INFO      (1) ( ) ( )
2025-05-19 13:38:55.681  INFO      LED solid confirmed: (1) ( ) ( ) for 3s
2025-05-19 13:39:00.412  INFO      Waiting for LED solid ( ) (2) ( ), minimum 5s, timeout 15s
2025-05-19 13:39:00.689  INFO      ( ) (2) ( )
2025-05-19 13:39:03.344  INFO      ( ) (2) ( ) (3s)
2025-05-19 13:39:03.550  INFO      ( ) ( ) ( ) (0s)
2025-05-19 13:39:03.679  INFO      ( ) (2) ( ) (0s)
2025-05-19 13:39:04.078  INFO      ( ) ( ) ( ) (0s)
2025-05-19 13:39:04.225  INFO      ( ) (2) ( ) (0s)
2025-05-19 13:39:04.545  INFO      ( ) ( ) ( ) (0s)
2025-05-19 13:39:04.751  INFO      ( ) (2) ( ) (0s)
2025-05-19 13:39:05.088  INFO      ( ) ( ) ( ) (0s)
2025-05-19 13:39:10.145  INFO      LED solid confirmed: ( ) (2) ( ) for 5s
2025-05-19 13:39:11.591  INFO      Apricorn device info:
2025-05-19 13:39:11.793  INFO      Waiting for LED solid (1) ( ) ( ), minimum 3s, timeout 10s
2025-05-19 13:39:12.082  INFO      (1) ( ) ( )
2025-05-19 13:39:14.879  INFO      LED solid confirmed: (1) ( ) ( ) for 3s
2025-05-19 13:39:14.881  INFO      Waiting for LED solid ( ) ( ) ( ), minimum 3s, timeout 5s
2025-05-19 13:39:15.280  INFO      ( ) ( ) ( )
2025-05-19 13:39:17.952  INFO      LED solid confirmed: ( ) ( ) ( ) for 3s
2025-05-19 13:39:17.953  INFO      Automation sequence reported SUCCESS.
2025-05-19 13:39:17.954  INFO      --- Simplified Automation Script Finished ---
2025-05-19 13:39:18.283  INFO      Camera ID 0 released.
2025-05-19 13:39:18.283  INFO      Phidgets close complete. Closed: 17, Errors: 0.
2025-05-19 13:44:18.721  INFO      Logging configured. Root level: INFO. Console: True, File: True ('logs/automation_activity.log' if log_to_file else 'N/A').
2025-05-19 13:44:18.877  INFO      Phidget channel initialization complete.
2025-05-19 13:44:19.274  INFO      Camera Controller initialized successfully with camera ID: 0.
2025-05-19 13:44:19.505  INFO      --- Starting Simplified Automation Sequence ---
2025-05-19 13:44:19.506  DEBUG     Awaiting first state of pattern (timeout: 6s), steps: 10.
2025-05-19 13:44:19.506  INFO      Awaiting LED state (1) ( ) ( ), timeout 6s
2025-05-19 13:44:19.791  INFO      (1) ( ) ( )
2025-05-19 13:44:19.859  INFO      (1) ( ) ( ) (0s when target observed)
2025-05-19 13:44:19.860  DEBUG     Attempting to match LED pattern...
2025-05-19 13:44:22.131  INFO      (1) ( ) ( )  2.24s (01/10)
2025-05-19 13:44:24.066  INFO      ( ) (2) ( )  1.90s (02/10)
2025-05-19 13:44:24.801  INFO      ( ) ( ) (3)  0.71s (03/10)
2025-05-19 13:44:25.265  INFO      ( ) ( ) ( )  0.43s (04/10)
2025-05-19 13:44:25.535  INFO      ( ) (2) ( )  0.22s (05/10)
2025-05-19 13:44:25.728  INFO      ( ) ( ) ( )  0.16s (06/10)
2025-05-19 13:44:26.065  INFO      ( ) (2) ( )  0.31s (07/10)
2025-05-19 13:44:26.257  INFO      ( ) ( ) ( )  0.16s (08/10)
2025-05-19 13:44:26.593  INFO      ( ) (2) ( )  0.30s (09/10)
2025-05-19 13:44:26.802  INFO      ( ) ( ) ( )  0.18s (10/10)
2025-05-19 13:44:26.803  INFO      LED pattern confirmed
2025-05-19 13:44:26.804  INFO      Waiting for LED solid (1) ( ) ( ), minimum 3s, timeout 5s
2025-05-19 13:44:27.202  INFO      (1) ( ) ( )
2025-05-19 13:44:29.857  INFO      LED solid confirmed: (1) ( ) ( ) for 3s
2025-05-19 13:44:34.588  INFO      Waiting for LED solid ( ) (2) ( ), minimum 5s, timeout 15s
2025-05-19 13:44:34.867  INFO      ( ) (2) ( )
2025-05-19 13:44:37.857  INFO      ( ) (2) ( ) (3.24s)
2025-05-19 13:44:38.194  INFO      ( ) ( ) ( ) (0.34s)
2025-05-19 13:44:38.401  INFO      ( ) (2) ( ) (0.21s)
2025-05-19 13:44:38.735  INFO      ( ) ( ) ( ) (0.32s)
2025-05-19 13:44:38.930  INFO      ( ) (2) ( ) (0.21s)
2025-05-19 13:44:39.265  INFO      ( ) ( ) ( ) (0.34s)
2025-05-19 13:44:39.458  INFO      ( ) (2) ( ) (0.19s)
2025-05-19 13:44:39.538  INFO      ( ) ( ) ( ) (0.07s)
2025-05-19 13:44:44.530  INFO      LED solid confirmed: ( ) (2) ( ) for 5s
2025-05-19 13:44:45.894  INFO      Apricorn device info:
2025-05-19 13:44:46.096  INFO      Waiting for LED solid (1) ( ) ( ), minimum 3s, timeout 10s
2025-05-19 13:44:46.402  INFO      (1) ( ) ( )
2025-05-19 13:44:49.201  INFO      LED solid confirmed: (1) ( ) ( ) for 3s
2025-05-19 13:44:49.204  INFO      Waiting for LED solid ( ) ( ) ( ), minimum 3s, timeout 5s
2025-05-19 13:44:49.602  INFO      ( ) ( ) ( )
2025-05-19 13:44:52.257  INFO      LED solid confirmed: ( ) ( ) ( ) for 3s
2025-05-19 13:44:52.259  INFO      Automation sequence reported SUCCESS.
2025-05-19 13:44:52.260  INFO      --- Simplified Automation Script Finished ---
2025-05-19 13:44:52.606  INFO      Camera ID 0 released.
2025-05-19 13:44:52.607  INFO      Phidgets close complete. Closed: 17, Errors: 0.
2025-05-19 13:48:48.691  INFO      Logging configured. Root level: INFO. Console: True, File: True ('logs/automation_activity.log' if log_to_file else 'N/A').
2025-05-19 13:48:48.830  INFO      Phidget channel initialization complete.
2025-05-19 13:48:49.230  INFO      Camera Controller initialized successfully with camera ID: 0.
2025-05-19 13:48:49.457  INFO      --- Starting Simplified Automation Sequence ---
2025-05-19 13:48:49.459  DEBUG     Awaiting first state of pattern (timeout: 6s), steps: 10.
2025-05-19 13:48:49.459  INFO      Awaiting LED state (1) ( ) ( ), timeout 6s
2025-05-19 13:48:49.764  INFO      (1) ( ) ( )
2025-05-19 13:48:49.831  DEBUG     Attempting to match LED pattern...
2025-05-19 13:48:52.099  INFO      (1) ( ) ( )  2.24s (01/10)
2025-05-19 13:48:54.039  INFO      ( ) (2) ( )  1.91s (02/10)
2025-05-19 13:48:54.710  INFO      ( ) ( ) (3)  0.62s (03/10)
2025-05-19 13:48:55.174  INFO      ( ) ( ) ( )  0.43s (04/10)
2025-05-19 13:48:55.510  INFO      ( ) (2) ( )  0.29s (05/10)
2025-05-19 13:48:55.702  INFO      ( ) ( ) ( )  0.16s (06/10)
2025-05-19 13:48:56.037  INFO      ( ) (2) ( )  0.31s (07/10)
2025-05-19 13:48:56.230  INFO      ( ) ( ) ( )  0.15s (08/10)
2025-05-19 13:48:56.564  INFO      ( ) (2) ( )  0.30s (09/10)
2025-05-19 13:48:56.773  INFO      ( ) ( ) ( )  0.18s (10/10)
2025-05-19 13:48:56.775  INFO      LED pattern confirmed
2025-05-19 13:48:56.775  DEBUG     Waiting for LED solid (1) ( ) ( ), minimum 3s, timeout 5s
2025-05-19 13:48:57.175  INFO      (1) ( ) ( )
2025-05-19 13:48:59.829  INFO      LED solid confirmed: (1) ( ) ( ) for 3s
2025-05-19 13:49:04.559  DEBUG     Waiting for LED solid ( ) (2) ( ), minimum 5s, timeout 15s
2025-05-19 13:49:04.839  INFO      ( ) (2) ( )
2025-05-19 13:49:07.830  INFO      ( ) (2) ( ) (3.24s)
2025-05-19 13:49:08.165  INFO      ( ) ( ) ( ) (0.34s)
2025-05-19 13:49:08.373  INFO      ( ) (2) ( ) (0.21s)
2025-05-19 13:49:08.707  INFO      ( ) ( ) ( ) (0.32s)
2025-05-19 13:49:08.834  INFO      ( ) (2) ( ) (0.14s)
2025-05-19 13:49:09.171  INFO      ( ) ( ) ( ) (0.35s)
2025-05-19 13:49:09.363  INFO      ( ) (2) ( ) (0.18s)
2025-05-19 13:49:09.507  INFO      ( ) ( ) ( ) (0.13s)
2025-05-19 13:49:14.499  INFO      LED solid confirmed: ( ) (2) ( ) for 5s
2025-05-19 13:49:16.173  INFO      Apricorn device info:
2025-05-19 13:49:16.376  DEBUG     Waiting for LED solid (1) ( ) ( ), minimum 3s, timeout 10s
2025-05-19 13:49:16.706  INFO      (1) ( ) ( )
2025-05-19 13:49:19.429  INFO      LED solid confirmed: (1) ( ) ( ) for 3s
2025-05-19 13:49:19.430  DEBUG     Waiting for LED solid ( ) ( ) ( ), minimum 3s, timeout 5s
2025-05-19 13:49:19.830  INFO      ( ) ( ) ( )
2025-05-19 13:49:22.501  INFO      LED solid confirmed: ( ) ( ) ( ) for 3s
2025-05-19 13:49:22.501  INFO      Automation sequence reported SUCCESS.
2025-05-19 13:49:22.502  INFO      --- Simplified Automation Script Finished ---
2025-05-19 13:49:22.840  INFO      Camera ID 0 released.
2025-05-19 13:49:22.848  INFO      Phidgets close complete. Closed: 17, Errors: 0.
2025-05-19 13:51:44.145  INFO      Logging configured. Root level: INFO. Console: True, File: True ('logs/automation_activity.log' if log_to_file else 'N/A').
2025-05-19 13:51:44.282  INFO      Phidget channel initialization complete.
2025-05-19 13:51:44.663  INFO      Camera Controller initialized successfully with camera ID: 0.
2025-05-19 13:51:44.887  INFO      --- Starting Simplified Automation Sequence ---
2025-05-19 13:51:44.889  DEBUG     Awaiting LED pattern...
2025-05-19 13:51:44.889  INFO      Awaiting LED state (1) ( ) ( ), timeout 6s
2025-05-19 13:51:45.183  INFO      (1) ( ) ( )
2025-05-19 13:51:45.248  DEBUG     Attempting to match LED pattern...
2025-05-19 13:51:47.519  INFO      (1) ( ) ( )  2.24s (01/10)
2025-05-19 13:51:49.455  INFO      ( ) (2) ( )  1.90s (02/10)
2025-05-19 13:51:50.128  INFO      ( ) ( ) (3)  0.62s (03/10)
2025-05-19 13:51:50.591  INFO      ( ) ( ) ( )  0.43s (04/10)
2025-05-19 13:51:50.927  INFO      ( ) (2) ( )  0.29s (05/10)
2025-05-19 13:51:51.119  INFO      ( ) ( ) ( )  0.16s (06/10)
2025-05-19 13:51:51.455  INFO      ( ) (2) ( )  0.30s (07/10)
2025-05-19 13:51:51.647  INFO      ( ) ( ) ( )  0.16s (08/10)
2025-05-19 13:51:51.983  INFO      ( ) (2) ( )  0.31s (09/10)
2025-05-19 13:51:52.190  INFO      ( ) ( ) ( )  0.18s (10/10)
2025-05-19 13:51:52.190  INFO      LED pattern confirmed
2025-05-19 13:51:52.191  DEBUG     Waiting for LED solid (1) ( ) ( ), minimum 3s, timeout 5s
2025-05-19 13:51:52.592  INFO      (1) ( ) ( )
2025-05-19 13:51:55.246  INFO      LED solid confirmed: (1) ( ) ( ) for 3s
2025-05-19 13:51:59.973  DEBUG     Waiting for LED solid ( ) (2) ( ), minimum 5s, timeout 15s
2025-05-19 13:52:00.256  INFO      ( ) (2) ( )
2025-05-19 13:52:03.247  INFO      ( ) (2) ( ) (3.24s)
2025-05-19 13:52:03.584  INFO      ( ) ( ) ( ) (0.34s)
2025-05-19 13:52:03.788  INFO      ( ) (2) ( ) (0.21s)
2025-05-19 13:52:04.125  INFO      ( ) ( ) ( ) (0.32s)
2025-05-19 13:52:04.319  INFO      ( ) (2) ( ) (0.21s)
2025-05-19 13:52:04.655  INFO      ( ) ( ) ( ) (0.33s)
2025-05-19 13:52:04.782  INFO      ( ) (2) ( ) (0.13s)
2025-05-19 13:52:04.927  INFO      ( ) ( ) ( ) (0.13s)
2025-05-19 13:52:09.920  INFO      LED solid confirmed: ( ) (2) ( ) for 5s
2025-05-19 13:52:11.410  INFO      Apricorn device info:
2025-05-19 13:52:11.613  DEBUG     Waiting for LED solid (1) ( ) ( ), minimum 3s, timeout 10s
2025-05-19 13:52:11.919  INFO      (1) ( ) ( )
2025-05-19 13:52:14.654  INFO      LED solid confirmed: (1) ( ) ( ) for 3s
2025-05-19 13:52:14.656  DEBUG     Waiting for LED solid ( ) ( ) ( ), minimum 3s, timeout 5s
2025-05-19 13:52:15.055  INFO      ( ) ( ) ( )
2025-05-19 13:52:17.724  INFO      LED solid confirmed: ( ) ( ) ( ) for 3s
2025-05-19 13:52:17.725  INFO      Automation sequence reported SUCCESS.
2025-05-19 13:52:17.725  INFO      --- Simplified Automation Script Finished ---
2025-05-19 13:52:18.059  INFO      Camera ID 0 released.
2025-05-19 13:52:18.059  INFO      Phidgets close complete. Closed: 17, Errors: 0.
2025-05-19 13:54:55.280  INFO      Logging configured. Root level: INFO. Console: True, File: True ('logs/automation_activity.log' if log_to_file else 'N/A').
2025-05-19 13:54:55.425  INFO      Phidget channel initialization complete.
2025-05-19 13:54:55.811  INFO      Camera Controller initialized successfully with camera ID: 0.
2025-05-19 13:54:56.037  INFO      --- Starting Simplified Automation Sequence ---
2025-05-19 13:54:56.038  DEBUG     Awaiting LED pattern...
2025-05-19 13:54:56.346  INFO      (1) ( ) ( )
2025-05-19 13:54:56.413  DEBUG     Attempting to match LED pattern...
2025-05-19 13:54:58.683  INFO      (1) ( ) ( )  2.24s (01/10)
2025-05-19 13:55:00.620  INFO      ( ) (2) ( )  1.91s (02/10)
2025-05-19 13:55:01.292  INFO      ( ) ( ) (3)  0.63s (03/10)
2025-05-19 13:55:01.756  INFO      ( ) ( ) ( )  0.43s (04/10)
2025-05-19 13:55:02.091  INFO      ( ) (2) ( )  0.29s (05/10)
2025-05-19 13:55:02.284  INFO      ( ) ( ) ( )  0.16s (06/10)
2025-05-19 13:55:02.620  INFO      ( ) (2) ( )  0.30s (07/10)
2025-05-19 13:55:02.812  INFO      ( ) ( ) ( )  0.16s (08/10)
2025-05-19 13:55:03.083  INFO      ( ) (2) ( )  0.24s (09/10)
2025-05-19 13:55:03.292  INFO      ( ) ( ) ( )  0.16s+ (10/10)
2025-05-19 13:55:03.294  INFO      LED pattern confirmed
2025-05-19 13:55:03.295  DEBUG     Waiting for LED solid (1) ( ) ( ), minimum 3s, timeout 5s
2025-05-19 13:55:03.693  INFO      (1) ( ) ( )
2025-05-19 13:55:06.348  INFO      LED solid confirmed: (1) ( ) ( ) for 3s
2025-05-19 13:55:11.080  DEBUG     Waiting for LED solid ( ) (2) ( ), minimum 5s, timeout 15s
2025-05-19 13:55:11.357  INFO      ( ) (2) ( )
2025-05-19 13:55:14.011  INFO      ( ) (2) ( ) (2.90s)
2025-05-19 13:55:14.217  INFO      ( ) ( ) ( ) (0.21s)
2025-05-19 13:55:14.412  INFO      ( ) (2) ( ) (0.19s)
2025-05-19 13:55:14.746  INFO      ( ) ( ) ( ) (0.34s)
2025-05-19 13:55:14.953  INFO      ( ) (2) ( ) (0.21s)
2025-05-19 13:55:15.292  INFO      ( ) ( ) ( ) (0.32s)
2025-05-19 13:55:15.420  INFO      ( ) (2) ( ) (0.14s)
2025-05-19 13:55:15.820  INFO      ( ) ( ) ( ) (0.40s)
2025-05-19 13:55:20.892  INFO      LED solid confirmed: ( ) (2) ( ) for 5s
2025-05-19 13:55:22.379  INFO      Apricorn device info:
2025-05-19 13:55:22.583  DEBUG     Waiting for LED solid (1) ( ) ( ), minimum 3s, timeout 10s
2025-05-19 13:55:22.893  INFO      (1) ( ) ( )
2025-05-19 13:55:25.693  INFO      LED solid confirmed: (1) ( ) ( ) for 3s
2025-05-19 13:55:25.695  DEBUG     Waiting for LED solid ( ) ( ) ( ), minimum 3s, timeout 5s
2025-05-19 13:55:26.094  INFO      ( ) ( ) ( )
2025-05-19 13:55:28.747  INFO      LED solid confirmed: ( ) ( ) ( ) for 3s
2025-05-19 13:55:28.748  INFO      --- Simplified Automation Script Finished ---
2025-05-19 13:55:29.093  INFO      Camera ID 0 released.
2025-05-19 13:55:29.101  INFO      Phidgets close complete. Closed: 17, Errors: 0.
2025-05-19 13:56:25.784  INFO      Logging configured. Root level: INFO. Console: True, File: True ('logs/automation_activity.log' if log_to_file else 'N/A').
2025-05-19 13:56:25.954  INFO      Phidget channel initialization complete.
2025-05-19 13:56:26.381  INFO      Camera Controller initialized successfully with camera ID: 0.
2025-05-19 13:56:26.618  INFO      --- Starting Simplified Automation Sequence ---
2025-05-19 13:56:26.620  DEBUG     Awaiting LED pattern...
2025-05-19 13:56:26.620  INFO      Awaiting LED state (1) ( ) ( ), timeout 6s
2025-05-19 13:56:26.918  INFO      (1) ( ) ( )
2025-05-19 13:56:26.979  DEBUG     Attempting to match LED pattern...
2025-05-19 13:56:29.238  INFO      (1) ( ) ( )  2.23s (01/10)
2025-05-19 13:56:31.170  INFO      ( ) (2) ( )  1.90s (02/10)
2025-05-19 13:56:31.909  INFO      ( ) ( ) (3)  0.71s (03/10)
2025-05-19 13:56:32.371  INFO      ( ) ( ) ( )  0.43s (04/10)
2025-05-19 13:56:32.644  INFO      ( ) (2) ( )  0.24s (05/10)
2025-05-19 13:56:32.837  INFO      ( ) ( ) ( )  0.16s (06/10)
2025-05-19 13:56:33.173  INFO      ( ) (2) ( )  0.31s (07/10)
2025-05-19 13:56:33.380  INFO      ( ) ( ) ( )  0.18s (08/10)
2025-05-19 13:56:33.714  INFO      ( ) (2) ( )  0.29s (09/10)
2025-05-19 13:56:33.907  INFO      ( ) ( ) ( )  0.16s (10/10)
2025-05-19 13:56:33.909  INFO      LED pattern confirmed
2025-05-19 13:56:33.909  DEBUG     Waiting for LED solid (1) ( ) ( ), minimum 3s, timeout 5s
2025-05-19 13:56:34.310  INFO      (1) ( ) ( )
2025-05-19 13:56:36.836  INFO      --- Simplified Automation Script Finished ---
2025-05-19 13:56:37.182  INFO      Camera ID 0 released.
2025-05-19 13:56:37.187  INFO      Phidgets close complete. Closed: 17, Errors: 0.
2025-05-19 13:57:50.364  INFO      Logging configured. Root level: INFO. Console: True, File: True ('logs/automation_activity.log' if log_to_file else 'N/A').
2025-05-19 13:57:50.502  INFO      Phidget channel initialization complete.
2025-05-19 13:57:50.893  INFO      Camera Controller initialized successfully with camera ID: 0.
2025-05-19 13:57:51.066  INFO      --- Starting Simplified Automation Sequence ---
2025-05-19 13:57:51.068  INFO      Awaiting LED state (1) ( ) ( ), timeout 6s
2025-05-19 13:57:51.348  INFO      (1) ( ) ( )
2025-05-19 13:57:51.410  DEBUG     Attempting to match LED pattern...
2025-05-19 13:57:53.684  INFO      (1) ( ) ( )  2.24s (01/10)
2025-05-19 13:57:55.621  INFO      ( ) (2) ( )  1.91s (02/10)
2025-05-19 13:57:56.357  INFO      ( ) ( ) (3)  0.70s (03/10)
2025-05-19 13:57:56.820  INFO      ( ) ( ) ( )  0.43s (04/10)
2025-05-19 13:57:57.092  INFO      ( ) (2) ( )  0.23s (05/10)
2025-05-19 13:57:57.348  INFO      ( ) ( ) ( )  0.23s (06/10)
2025-05-19 13:57:57.620  INFO      ( ) (2) ( )  0.24s (07/10)
2025-05-19 13:57:57.812  INFO      ( ) ( ) ( )  0.16s (08/10)
2025-05-19 13:57:58.147  INFO      ( ) (2) ( )  0.30s (09/10)
2025-05-19 13:57:58.355  INFO      ( ) ( ) ( )  0.18s (10/10)
2025-05-19 13:57:58.356  INFO      LED pattern confirmed
2025-05-19 13:57:58.357  DEBUG     Waiting for LED solid (1) ( ) ( ), minimum 3s, timeout 5s
2025-05-19 13:57:58.757  INFO      (1) ( ) ( )
2025-05-19 13:58:01.412  INFO      LED solid confirmed: (1) ( ) ( ) for 3s
2025-05-19 13:58:06.138  DEBUG     Waiting for LED solid ( ) (2) ( ), minimum 5s, timeout 15s
2025-05-19 13:58:06.420  INFO      ( ) (2) ( )
2025-05-19 13:58:06.780  INFO      --- Simplified Automation Script Finished ---
2025-05-19 13:58:07.088  INFO      Camera ID 0 released.
2025-05-19 13:58:07.097  INFO      Phidgets close complete. Closed: 17, Errors: 0.
2025-05-19 13:58:46.979  INFO      Logging configured. Root level: INFO. Console: True, File: True ('logs/automation_activity.log' if log_to_file else 'N/A').
2025-05-19 13:58:47.139  INFO      Phidget channel initialization complete.
2025-05-19 13:58:47.518  INFO      Camera Controller initialized successfully with camera ID: 0.
2025-05-19 13:58:47.665  INFO      --- Starting Simplified Automation Sequence ---
2025-05-19 13:58:47.666  INFO      Awaiting LED state (1) ( ) ( ), timeout 6s
2025-05-19 13:58:48.054  INFO      (1) ( ) ( )
2025-05-19 13:58:48.117  DEBUG     Attempting to match LED pattern...
2025-05-19 13:58:50.325  INFO      (1) ( ) ( )  2.18s (01/10)
2025-05-19 13:58:52.261  INFO      ( ) (2) ( )  1.90s (02/10)
2025-05-19 13:58:52.918  INFO      ( ) ( ) (3)  0.63s (03/10)
2025-05-19 13:58:53.398  INFO      ( ) ( ) ( )  0.43s (04/10)
2025-05-19 13:58:53.718  INFO      ( ) (2) ( )  0.29s (05/10)
2025-05-19 13:58:53.926  INFO      ( ) ( ) ( )  0.18s (06/10)
2025-05-19 13:58:54.198  INFO      ( ) (2) ( )  0.22s (07/10)
2025-05-19 13:58:54.455  INFO      ( ) ( ) ( )  0.22s (08/10)
2025-05-19 13:58:54.725  INFO      ( ) (2) ( )  0.24s (09/10)
2025-05-19 13:58:54.918  INFO      ( ) ( ) ( )  0.16s+ (10/10)
2025-05-19 13:58:54.919  INFO      LED pattern confirmed
2025-05-19 13:58:54.920  DEBUG     Waiting for LED solid (1) ( ) ( ), minimum 3s, timeout 5s
2025-05-19 13:58:55.319  INFO      (1) ( ) ( )
2025-05-19 13:58:57.988  INFO      LED solid confirmed: (1) ( ) ( ) for 3s
2025-05-19 13:58:59.227  INFO      --- Simplified Automation Script Finished ---
2025-05-19 13:58:59.531  INFO      Camera ID 0 released.
2025-05-19 13:58:59.537  INFO      Phidgets close complete. Closed: 17, Errors: 0.
2025-05-19 13:59:15.044  INFO      Logging configured. Root level: INFO. Console: True, File: True ('logs/automation_activity.log' if log_to_file else 'N/A').
2025-05-19 13:59:15.183  INFO      Phidget channel initialization complete.
2025-05-19 13:59:15.558  INFO      Camera Controller initialized successfully with camera ID: 0.
2025-05-19 13:59:15.728  INFO      --- Starting Simplified Automation Sequence ---
2025-05-19 13:59:15.729  INFO      Awaiting LED state (1) ( ) ( ), timeout 6s
2025-05-19 13:59:16.013  INFO      (1) ( ) ( )
2025-05-19 13:59:16.077  DEBUG     Attempting to match LED pattern...
2025-05-19 13:59:18.350  INFO      (1) ( ) ( )  2.24s (01/10)
2025-05-19 13:59:19.021  INFO      --- Simplified Automation Script Finished ---
2025-05-19 13:59:19.357  INFO      Camera ID 0 released.
2025-05-19 13:59:19.365  INFO      Phidgets close complete. Closed: 17, Errors: 0.
2025-05-19 13:59:44.311  INFO      Logging configured. Root level: INFO. Console: True, File: True ('logs/automation_activity.log' if log_to_file else 'N/A').
2025-05-19 13:59:44.449  INFO      Phidget channel initialization complete.
2025-05-19 13:59:44.845  INFO      Camera Controller initialized successfully with camera ID: 0.
2025-05-19 13:59:45.010  INFO      --- Starting Simplified Automation Sequence ---
2025-05-19 13:59:45.012  INFO      Awaiting LED state (1) ( ) ( ), timeout 6s
2025-05-19 13:59:45.378  INFO      LED state confirmed: (1) ( ) ( )
2025-05-19 13:59:45.461  DEBUG     Attempting to match LED pattern...
2025-05-19 13:59:47.651  INFO      (1) ( ) ( )  2.16s (01/10)
2025-05-19 13:59:49.589  INFO      ( ) (2) ( )  1.91s (02/10)
2025-05-19 13:59:50.260  INFO      ( ) ( ) (3)  0.62s (03/10)
2025-05-19 13:59:50.724  INFO      ( ) ( ) ( )  0.43s (04/10)
2025-05-19 13:59:51.060  INFO      ( ) (2) ( )  0.29s (05/10)
2025-05-19 13:59:51.251  INFO      ( ) ( ) ( )  0.16s (06/10)
2025-05-19 13:59:51.588  INFO      ( ) (2) ( )  0.31s (07/10)
2025-05-19 13:59:51.780  INFO      ( ) ( ) ( )  0.16s (08/10)
2025-05-19 13:59:52.116  INFO      ( ) (2) ( )  0.31s (09/10)
2025-05-19 13:59:52.323  INFO      ( ) ( ) ( )  0.18s (10/10)
2025-05-19 13:59:52.324  INFO      LED pattern confirmed
2025-05-19 13:59:52.324  DEBUG     Waiting for LED solid (1) ( ) ( ), minimum 3s, timeout 5s
2025-05-19 13:59:52.724  INFO      (1) ( ) ( )
2025-05-19 13:59:53.715  INFO      --- Simplified Automation Script Finished ---
2025-05-19 13:59:54.059  INFO      Camera ID 0 released.
2025-05-19 13:59:54.068  INFO      Phidgets close complete. Closed: 17, Errors: 0.
2025-05-19 14:00:28.788  INFO      Logging configured. Root level: INFO. Console: True, File: True ('logs/automation_activity.log' if log_to_file else 'N/A').
2025-05-19 14:00:28.942  INFO      Phidget channel initialization complete.
2025-05-19 14:00:29.345  INFO      Camera Controller initialized successfully with camera ID: 0.
2025-05-19 14:00:29.529  INFO      --- Starting Simplified Automation Sequence ---
2025-05-19 14:00:29.531  INFO      Awaiting LED state (1) ( ) ( ), timeout 6s
2025-05-19 14:00:29.801  INFO      (1) ( ) ( )
2025-05-19 14:00:29.801  INFO      LED state confirmed: (1) ( ) ( )
2025-05-19 14:00:29.862  DEBUG     Attempting to match LED pattern...
2025-05-19 14:00:32.201  INFO      (1) ( ) ( )  2.31s (01/10)
2025-05-19 14:00:34.137  INFO      ( ) (2) ( )  1.90s (02/10)
2025-05-19 14:00:34.808  INFO      ( ) ( ) (3)  0.64s (03/10)
2025-05-19 14:00:35.272  INFO      ( ) ( ) ( )  0.43s (04/10)
2025-05-19 14:00:35.544  INFO      ( ) (2) ( )  0.22s (05/10)
2025-05-19 14:00:35.734  INFO      ( ) ( ) ( )  0.16s (06/10)
2025-05-19 14:00:36.072  INFO      ( ) (2) ( )  0.31s (07/10)
2025-05-19 14:00:36.264  INFO      ( ) ( ) ( )  0.16s (08/10)
2025-05-19 14:00:36.600  INFO      ( ) (2) ( )  0.31s (09/10)
2025-05-19 14:00:36.744  INFO      --- Simplified Automation Script Finished ---
2025-05-19 14:00:37.070  INFO      Camera ID 0 released.
2025-05-19 14:00:37.079  INFO      Phidgets close complete. Closed: 17, Errors: 0.
2025-05-19 14:00:56.815  INFO      Logging configured. Root level: INFO. Console: True, File: True ('logs/automation_activity.log' if log_to_file else 'N/A').
2025-05-19 14:00:56.948  INFO      Phidget channel initialization complete.
2025-05-19 14:00:57.358  INFO      Camera Controller initialized successfully with camera ID: 0.
2025-05-19 14:00:57.538  INFO      --- Starting Simplified Automation Sequence ---
2025-05-19 14:00:57.540  INFO      Awaiting LED state (1) ( ) ( ), timeout 6s
2025-05-19 14:00:57.876  INFO      (1) ( ) ( )
2025-05-19 14:00:57.877  INFO      LED state confirmed: (1) ( ) ( )
2025-05-19 14:00:57.940  DEBUG     Attempting to match LED pattern...
2025-05-19 14:01:00.214  INFO      (1) ( ) ( )  2.24s (01/10)
2025-05-19 14:01:02.151  INFO      ( ) (2) ( )  1.91s (02/10)
2025-05-19 14:01:02.806  INFO      ( ) ( ) (3)  0.63s (03/10)
2025-05-19 14:01:03.286  INFO      ( ) ( ) ( )  0.43s (04/10)
2025-05-19 14:01:03.606  INFO      ( ) (2) ( )  0.29s (05/10)
2025-05-19 14:01:03.815  INFO      ( ) ( ) ( )  0.18s (06/10)
2025-05-19 14:01:04.086  INFO      ( ) (2) ( )  0.23s (07/10)
2025-05-19 14:01:04.343  INFO      ( ) ( ) ( )  0.22s (08/10)
2025-05-19 14:01:04.615  INFO      ( ) (2) ( )  0.24s (09/10)
2025-05-19 14:01:04.806  INFO      ( ) ( ) ( )  0.16s (10/10)
2025-05-19 14:01:04.806  INFO      LED pattern confirmed
2025-05-19 14:01:04.807  DEBUG     Waiting for LED solid (1) ( ) ( ), minimum 3s, timeout 5s
2025-05-19 14:01:05.208  INFO      (1) ( ) ( )
2025-05-19 14:01:07.879  INFO      LED solid confirmed: (1) ( ) ( ) for 3s
2025-05-19 14:01:12.611  DEBUG     Waiting for LED solid ( ) (2) ( ), minimum 5s, timeout 15s
2025-05-19 14:01:12.886  INFO      ( ) (2) ( )
2025-05-19 14:01:15.943  INFO      ( ) (2) ( ) (3.30s)
2025-05-19 14:01:16.279  INFO      ( ) ( ) ( ) (0.33s)
2025-05-19 14:01:16.408  INFO      ( ) (2) ( ) (0.13s)
2025-05-19 14:01:16.740  INFO      ( ) ( ) ( ) (0.34s)
2025-05-19 14:01:16.950  INFO      ( ) (2) ( ) (0.21s)
2025-05-19 14:01:17.286  INFO      ( ) ( ) ( ) (0.32s)
2025-05-19 14:01:17.479  INFO      ( ) (2) ( ) (0.21s)
2025-05-19 14:01:17.541  INFO      ( ) ( ) ( ) (0.07s)
2025-05-19 14:01:22.550  INFO      LED solid confirmed: ( ) (2) ( ) for 5s
2025-05-19 14:01:23.964  INFO      Apricorn device info:
2025-05-19 14:01:24.166  DEBUG     Waiting for LED solid (1) ( ) ( ), minimum 3s, timeout 10s
2025-05-19 14:01:24.486  INFO      (1) ( ) ( )
2025-05-19 14:01:27.206  INFO      LED solid confirmed: (1) ( ) ( ) for 3s
2025-05-19 14:01:27.208  DEBUG     Waiting for LED solid ( ) ( ) ( ), minimum 3s, timeout 5s
2025-05-19 14:01:27.607  INFO      ( ) ( ) ( )
2025-05-19 14:01:30.277  INFO      LED solid confirmed: ( ) ( ) ( ) for 3s
2025-05-19 14:01:30.277  INFO      --- Simplified Automation Script Finished ---
2025-05-19 14:01:30.621  INFO      Camera ID 0 released.
2025-05-19 14:01:30.625  INFO      Phidgets close complete. Closed: 17, Errors: 0.
2025-05-19 14:07:58.502  INFO      Logging configured. Root level: INFO. Console: True, File: True ('logs/automation_activity.log' if log_to_file else 'N/A').
2025-05-19 14:07:58.663  INFO      Phidget channel initialization complete.
2025-05-19 14:07:59.054  INFO      Camera Controller initialized successfully with camera ID: 0.
2025-05-19 14:07:59.296  INFO      --- Starting Simplified Automation Sequence ---
2025-05-19 14:07:59.297  DEBUG     Awaiting first state of pattern (timeout: 6s), steps: 10.
2025-05-19 14:07:59.297  DEBUG     Awaiting LED state (1) ( ) ( ), timeout 6s
2025-05-19 14:07:59.636  INFO      (1) ( ) ( ) (0s when target observed)
2025-05-19 14:07:59.637  DEBUG     Attempting to match LED pattern...
2025-05-19 14:08:01.911  INFO      (1) ( ) ( )  2.24s (01/10)
2025-05-19 14:08:03.847  INFO      ( ) (2) ( )  1.90s (02/10)
2025-05-19 14:08:04.581  INFO      ( ) ( ) (3)  0.70s (03/10)
2025-05-19 14:08:05.045  INFO      ( ) ( ) ( )  0.43s (04/10)
2025-05-19 14:08:05.318  INFO      ( ) (2) ( )  0.23s (05/10)
2025-05-19 14:08:05.572  INFO      ( ) ( ) ( )  0.22s (06/10)
2025-05-19 14:08:05.846  INFO      ( ) (2) ( )  0.23s (07/10)
2025-05-19 14:08:06.039  INFO      ( ) ( ) ( )  0.16s (08/10)
2025-05-19 14:08:06.373  INFO      ( ) (2) ( )  0.30s (09/10)
2025-05-19 14:08:06.581  INFO      ( ) ( ) ( )  0.18s (10/10)
2025-05-19 14:08:06.583  INFO      LED pattern confirmed
2025-05-19 14:08:06.583  DEBUG     Waiting for LED solid (1) ( ) ( ), minimum 3s, timeout 5s
2025-05-19 14:08:08.038  INFO      --- Simplified Automation Script Finished ---
2025-05-19 14:08:08.383  INFO      Camera ID 0 released.
2025-05-19 14:08:08.395  INFO      Phidgets close complete. Closed: 17, Errors: 0.
2025-05-19 14:12:27.590  INFO      Logging configured. Root level: INFO. Console: True, File: True ('logs/automation_activity.log' if log_to_file else 'N/A').
2025-05-19 14:12:27.734  INFO      Phidget channel initialization complete.
2025-05-19 14:12:28.119  INFO      Camera Controller initialized successfully with camera ID: 0.
2025-05-19 14:12:28.378  INFO      --- Starting Simplified Automation Sequence ---
2025-05-19 14:12:28.379  DEBUG     Awaiting first state of pattern (timeout: 6s), steps: 10.
2025-05-19 14:12:28.379  INFO      Awaiting LED state (1) ( ) ( ), timeout 6s
2025-05-19 14:12:28.653  INFO      (1) ( ) ( )
2025-05-19 14:12:28.653  INFO      LED state confirmed: (1) ( ) ( )
2025-05-19 14:12:28.733  DEBUG     Attempting to match LED pattern...
2025-05-19 14:12:30.991  INFO      (1) ( ) ( )  2.23s (01/10)
2025-05-19 14:12:32.990  INFO      ( ) (2) ( )  1.97s (02/10)
2025-05-19 14:12:33.661  INFO      ( ) ( ) (3)  0.64s (03/10)
2025-05-19 14:12:34.126  INFO      ( ) ( ) ( )  0.43s (04/10)
2025-05-19 14:12:34.399  INFO      ( ) (2) ( )  0.24s (05/10)
2025-05-19 14:12:34.654  INFO      ( ) ( ) ( )  0.22s (06/10)
2025-05-19 14:12:34.927  INFO      ( ) (2) ( )  0.24s (07/10)
2025-05-19 14:12:35.134  INFO      ( ) ( ) ( )  0.16s (08/10)
2025-05-19 14:12:35.455  INFO      ( ) (2) ( )  0.29s (09/10)
2025-05-19 14:12:35.663  INFO      ( ) ( ) ( )  0.18s (10/10)
2025-05-19 14:12:35.664  INFO      LED pattern confirmed
2025-05-19 14:12:35.664  DEBUG     Waiting for LED solid (1) ( ) ( ), minimum 3s, timeout 5s
2025-05-19 14:12:38.735  INFO      (1) ( ) ( ) (3.02s)
2025-05-19 14:12:38.736  INFO      LED solid confirmed: (1) ( ) ( ) for 3s
2025-05-19 14:12:43.466  DEBUG     Waiting for LED solid ( ) (2) ( ), minimum 5s, timeout 15s
2025-05-19 14:12:46.734  INFO      ( ) (2) ( ) (3.22s)
2025-05-19 14:12:47.055  INFO      ( ) ( ) ( ) (0.34s)
2025-05-19 14:12:47.262  INFO      ( ) (2) ( ) (0.21s)
2025-05-19 14:12:47.596  INFO      ( ) ( ) ( ) (0.34s)
2025-05-19 14:12:47.790  INFO      ( ) (2) ( ) (0.19s)
2025-05-19 14:12:48.127  INFO      ( ) ( ) ( ) (0.34s)
2025-05-19 14:12:48.335  INFO      ( ) (2) ( ) (0.19s)
2025-05-19 14:12:48.398  INFO      ( ) ( ) ( ) (0.08s)
2025-05-19 14:12:53.454  INFO      ( ) (2) ( ) (5.05s)
2025-05-19 14:12:53.456  INFO      LED solid confirmed: ( ) (2) ( ) for 5s
2025-05-19 14:12:54.834  INFO      Apricorn device info:
2025-05-19 14:12:55.037  DEBUG     Waiting for LED solid (1) ( ) ( ), minimum 3s, timeout 10s
2025-05-19 14:12:58.127  INFO      (1) ( ) ( ) (3.06s)
2025-05-19 14:12:58.128  INFO      LED solid confirmed: (1) ( ) ( ) for 3s
2025-05-19 14:12:58.129  DEBUG     Waiting for LED solid ( ) ( ) ( ), minimum 3s, timeout 5s
2025-05-19 14:13:01.197  INFO      ( ) ( ) ( ) (3.04s)
2025-05-19 14:13:01.198  INFO      LED solid confirmed: ( ) ( ) ( ) for 3s
2025-05-19 14:13:01.198  INFO      --- Simplified Automation Script Finished ---
2025-05-19 14:13:01.529  INFO      Camera ID 0 released.
2025-05-19 14:13:01.529  INFO      Phidgets close complete. Closed: 17, Errors: 0.
